<?xml version="1.0" encoding="UTF-8"?>
<!-- Generated by org.testng.reporters.JUnitReportReporter -->
<testsuite skipped="0" hostname="DESKTOP-LQ8ET5D" name="TestCases.TC1" tests="1" failures="0" timestamp="2023-01-05T14:47:58 IST" time="20.965" errors="0">
  <testcase name="TestCase_1" time="20.965" classname="TestCases.TC1"/>
  <system-out/>
</testsuite> <!-- TestCases.TC1 -->
