<?xml version="1.0" encoding="UTF-8"?>
<!-- Generated by org.testng.reporters.JUnitReportReporter -->
<testsuite hostname="DESKTOP-LQ8ET5D" failures="0" tests="1" name="TestCases.TC1" time="10.887" errors="0" timestamp="2023-01-05T15:48:47 IST" skipped="0">
  <testcase classname="TestCases.TC1" name="TestCase_1" time="10.887"/>
  <system-out/>
</testsuite> <!-- TestCases.TC1 -->
