<?xml version="1.0" encoding="UTF-8"?>
<!-- Generated by org.testng.reporters.JUnitReportReporter -->
<testsuite hostname="DESKTOP-LQ8ET5D" failures="0" tests="1" name="TestCases.TC1" time="8.152" errors="0" timestamp="2023-01-05T12:43:57 IST" skipped="0">
  <testcase classname="TestCases.TC1" name="TestCase_1" time="8.152"/>
  <system-out/>
</testsuite> <!-- TestCases.TC1 -->
